<?xml version="1.0" encoding="UTF-8"?>
<!-- Generated by org.testng.reporters.JUnitXMLReporter -->
<testsuite hostname="laptop-PC" ignored="0" name="Test" tests="4" failures="0" timestamp="2020-12-12T23:33:45 IST" time="58.026" errors="0">
  <testcase name="LandingPageTitleTest" time="0.017" classname="com.crm.qa.functionalTest.LoginLandingPageTest"/>
  <testcase name="CRMlogoTest" time="0.159" classname="com.crm.qa.functionalTest.LoginLandingPageTest"/>
  <testcase name="LandingLoginTest" time="3.502" classname="com.crm.qa.functionalTest.LoginLandingPageTest"/>
  <testcase name="LoginToCRMtest" time="4.779" classname="com.crm.qa.functionalTest.LoginPageTest"/>
</testsuite> <!-- Test -->
