<?xml version="1.0" encoding="UTF-8"?>
<testng-results skipped="0" failed="2" ignored="0" total="3" passed="1">
  <reporter-output>
  </reporter-output>
  <suite name="Default suite" duration-ms="37276" started-at="2020-11-16T11:49:31 IST" finished-at="2020-11-16T11:50:08 IST">
    <groups>
    </groups>
    <test name="Default test" duration-ms="37276" started-at="2020-11-16T11:49:31 IST" finished-at="2020-11-16T11:50:08 IST">
      <class name="com.crm.qa.functionalTest.LoginLandingPageTest">
        <test-method status="PASS" signature="launchApplicatonTest()[pri:0, instance:com.crm.qa.functionalTest.LoginLandingPageTest@1371b2d]" name="launchApplicatonTest" is-config="true" duration-ms="11694" started-at="2020-11-16T11:49:31 IST" finished-at="2020-11-16T11:49:43 IST">
          <reporter-output>
          </reporter-output>
        </test-method> <!-- launchApplicatonTest -->
        <test-method status="PASS" signature="LandingPageTitleTest()[pri:1, instance:com.crm.qa.functionalTest.LoginLandingPageTest@1371b2d]" name="LandingPageTitleTest" duration-ms="24" started-at="2020-11-16T11:49:43 IST" finished-at="2020-11-16T11:49:43 IST">
          <reporter-output>
          </reporter-output>
        </test-method> <!-- LandingPageTitleTest -->
        <test-method status="PASS" signature="tearDown()[pri:0, instance:com.crm.qa.functionalTest.LoginLandingPageTest@1371b2d]" name="tearDown" is-config="true" duration-ms="1201" started-at="2020-11-16T11:49:43 IST" finished-at="2020-11-16T11:49:44 IST">
          <reporter-output>
          </reporter-output>
        </test-method> <!-- tearDown -->
        <test-method status="PASS" signature="launchApplicatonTest()[pri:0, instance:com.crm.qa.functionalTest.LoginLandingPageTest@1371b2d]" name="launchApplicatonTest" is-config="true" duration-ms="10717" started-at="2020-11-16T11:49:44 IST" finished-at="2020-11-16T11:49:55 IST">
          <reporter-output>
          </reporter-output>
        </test-method> <!-- launchApplicatonTest -->
        <test-method status="FAIL" signature="CRMlogoTest()[pri:2, instance:com.crm.qa.functionalTest.LoginLandingPageTest@1371b2d]" name="CRMlogoTest" duration-ms="2" started-at="2020-11-16T11:49:55 IST" finished-at="2020-11-16T11:49:55 IST">
          <exception class="java.lang.NullPointerException">
            <full-stacktrace>
              <![CDATA[java.lang.NullPointerException
at org.openqa.selenium.support.pagefactory.DefaultElementLocator.findElement(DefaultElementLocator.java:69)
at org.openqa.selenium.support.pagefactory.internal.LocatingElementHandler.invoke(LocatingElementHandler.java:38)
at com.sun.proxy.$Proxy9.isDisplayed(Unknown Source)
at com.crm.qa.PageRepository.LoginLandingPage.CRMLogo(LoginLandingPage.java:29)
at com.crm.qa.functionalTest.LoginLandingPageTest.CRMlogoTest(LoginLandingPageTest.java:45)
at sun.reflect.NativeMethodAccessorImpl.invoke0(Native Method)
at sun.reflect.NativeMethodAccessorImpl.invoke(Unknown Source)
at sun.reflect.DelegatingMethodAccessorImpl.invoke(Unknown Source)
at java.lang.reflect.Method.invoke(Unknown Source)
at org.testng.internal.MethodInvocationHelper.invokeMethod(MethodInvocationHelper.java:134)
at org.testng.internal.TestInvoker.invokeMethod(TestInvoker.java:597)
at org.testng.internal.TestInvoker.invokeTestMethod(TestInvoker.java:173)
at org.testng.internal.MethodRunner.runInSequence(MethodRunner.java:46)
at org.testng.internal.TestInvoker$MethodInvocationAgent.invoke(TestInvoker.java:816)
at org.testng.internal.TestInvoker.invokeTestMethods(TestInvoker.java:146)
at org.testng.internal.TestMethodWorker.invokeTestMethods(TestMethodWorker.java:146)
at org.testng.internal.TestMethodWorker.run(TestMethodWorker.java:128)
at java.util.ArrayList.forEach(Unknown Source)
at org.testng.TestRunner.privateRun(TestRunner.java:766)
at org.testng.TestRunner.run(TestRunner.java:587)
at org.testng.SuiteRunner.runTest(SuiteRunner.java:384)
at org.testng.SuiteRunner.runSequentially(SuiteRunner.java:378)
at org.testng.SuiteRunner.privateRun(SuiteRunner.java:337)
at org.testng.SuiteRunner.run(SuiteRunner.java:286)
at org.testng.SuiteRunnerWorker.runSuite(SuiteRunnerWorker.java:53)
at org.testng.SuiteRunnerWorker.run(SuiteRunnerWorker.java:96)
at org.testng.TestNG.runSuitesSequentially(TestNG.java:1187)
at org.testng.TestNG.runSuitesLocally(TestNG.java:1109)
at org.testng.TestNG.runSuites(TestNG.java:1039)
at org.testng.TestNG.run(TestNG.java:1007)
at org.testng.remote.AbstractRemoteTestNG.run(AbstractRemoteTestNG.java:115)
at org.testng.remote.RemoteTestNG.initAndRun(RemoteTestNG.java:251)
at org.testng.remote.RemoteTestNG.main(RemoteTestNG.java:77)
]]>
            </full-stacktrace>
          </exception> <!-- java.lang.NullPointerException -->
          <reporter-output>
          </reporter-output>
        </test-method> <!-- CRMlogoTest -->
        <test-method status="PASS" signature="tearDown()[pri:0, instance:com.crm.qa.functionalTest.LoginLandingPageTest@1371b2d]" name="tearDown" is-config="true" duration-ms="1330" started-at="2020-11-16T11:49:55 IST" finished-at="2020-11-16T11:49:56 IST">
          <reporter-output>
          </reporter-output>
        </test-method> <!-- tearDown -->
        <test-method status="PASS" signature="launchApplicatonTest()[pri:0, instance:com.crm.qa.functionalTest.LoginLandingPageTest@1371b2d]" name="launchApplicatonTest" is-config="true" duration-ms="10863" started-at="2020-11-16T11:49:56 IST" finished-at="2020-11-16T11:50:07 IST">
          <reporter-output>
          </reporter-output>
        </test-method> <!-- launchApplicatonTest -->
        <test-method status="FAIL" signature="LandingLoginTest()[pri:3, instance:com.crm.qa.functionalTest.LoginLandingPageTest@1371b2d]" name="LandingLoginTest" duration-ms="2" started-at="2020-11-16T11:50:07 IST" finished-at="2020-11-16T11:50:07 IST">
          <exception class="java.lang.NullPointerException">
            <full-stacktrace>
              <![CDATA[java.lang.NullPointerException
at org.openqa.selenium.support.pagefactory.DefaultElementLocator.findElement(DefaultElementLocator.java:69)
at org.openqa.selenium.support.pagefactory.internal.LocatingElementHandler.invoke(LocatingElementHandler.java:38)
at com.sun.proxy.$Proxy9.click(Unknown Source)
at com.crm.qa.PageRepository.LoginLandingPage.LandingLogin(LoginLandingPage.java:33)
at com.crm.qa.functionalTest.LoginLandingPageTest.LandingLoginTest(LoginLandingPageTest.java:49)
at sun.reflect.NativeMethodAccessorImpl.invoke0(Native Method)
at sun.reflect.NativeMethodAccessorImpl.invoke(Unknown Source)
at sun.reflect.DelegatingMethodAccessorImpl.invoke(Unknown Source)
at java.lang.reflect.Method.invoke(Unknown Source)
at org.testng.internal.MethodInvocationHelper.invokeMethod(MethodInvocationHelper.java:134)
at org.testng.internal.TestInvoker.invokeMethod(TestInvoker.java:597)
at org.testng.internal.TestInvoker.invokeTestMethod(TestInvoker.java:173)
at org.testng.internal.MethodRunner.runInSequence(MethodRunner.java:46)
at org.testng.internal.TestInvoker$MethodInvocationAgent.invoke(TestInvoker.java:816)
at org.testng.internal.TestInvoker.invokeTestMethods(TestInvoker.java:146)
at org.testng.internal.TestMethodWorker.invokeTestMethods(TestMethodWorker.java:146)
at org.testng.internal.TestMethodWorker.run(TestMethodWorker.java:128)
at java.util.ArrayList.forEach(Unknown Source)
at org.testng.TestRunner.privateRun(TestRunner.java:766)
at org.testng.TestRunner.run(TestRunner.java:587)
at org.testng.SuiteRunner.runTest(SuiteRunner.java:384)
at org.testng.SuiteRunner.runSequentially(SuiteRunner.java:378)
at org.testng.SuiteRunner.privateRun(SuiteRunner.java:337)
at org.testng.SuiteRunner.run(SuiteRunner.java:286)
at org.testng.SuiteRunnerWorker.runSuite(SuiteRunnerWorker.java:53)
at org.testng.SuiteRunnerWorker.run(SuiteRunnerWorker.java:96)
at org.testng.TestNG.runSuitesSequentially(TestNG.java:1187)
at org.testng.TestNG.runSuitesLocally(TestNG.java:1109)
at org.testng.TestNG.runSuites(TestNG.java:1039)
at org.testng.TestNG.run(TestNG.java:1007)
at org.testng.remote.AbstractRemoteTestNG.run(AbstractRemoteTestNG.java:115)
at org.testng.remote.RemoteTestNG.initAndRun(RemoteTestNG.java:251)
at org.testng.remote.RemoteTestNG.main(RemoteTestNG.java:77)
]]>
            </full-stacktrace>
          </exception> <!-- java.lang.NullPointerException -->
          <reporter-output>
          </reporter-output>
        </test-method> <!-- LandingLoginTest -->
        <test-method status="PASS" signature="tearDown()[pri:0, instance:com.crm.qa.functionalTest.LoginLandingPageTest@1371b2d]" name="tearDown" is-config="true" duration-ms="1388" started-at="2020-11-16T11:50:07 IST" finished-at="2020-11-16T11:50:08 IST">
          <reporter-output>
          </reporter-output>
        </test-method> <!-- tearDown -->
      </class> <!-- com.crm.qa.functionalTest.LoginLandingPageTest -->
    </test> <!-- Default test -->
  </suite> <!-- Default suite -->
</testng-results>
