<?xml version="1.0" encoding="UTF-8"?>
<testng-results skipped="0" failed="0" ignored="0" total="4" passed="4">
  <reporter-output>
  </reporter-output>
  <suite name="Suite" duration-ms="58026" started-at="2020-12-12T23:32:47 IST" finished-at="2020-12-12T23:33:45 IST">
    <groups>
    </groups>
    <test name="Test" duration-ms="58026" started-at="2020-12-12T23:32:47 IST" finished-at="2020-12-12T23:33:45 IST">
      <class name="com.crm.qa.functionalTest.LoginLandingPageTest">
        <test-method status="PASS" signature="launchApplicatonTest()[pri:0, instance:com.crm.qa.functionalTest.LoginLandingPageTest@3c6f6d]" name="launchApplicatonTest" is-config="true" duration-ms="12394" started-at="2020-12-12T23:32:47 IST" finished-at="2020-12-12T23:32:59 IST">
          <reporter-output>
          </reporter-output>
        </test-method> <!-- launchApplicatonTest -->
        <test-method status="PASS" signature="LandingPageTitleTest()[pri:1, instance:com.crm.qa.functionalTest.LoginLandingPageTest@3c6f6d]" name="LandingPageTitleTest" duration-ms="17" started-at="2020-12-12T23:32:59 IST" finished-at="2020-12-12T23:32:59 IST">
          <reporter-output>
          </reporter-output>
        </test-method> <!-- LandingPageTitleTest -->
        <test-method status="PASS" signature="tearDown()[pri:0, instance:com.crm.qa.functionalTest.LoginLandingPageTest@3c6f6d]" name="tearDown" is-config="true" duration-ms="1171" started-at="2020-12-12T23:32:59 IST" finished-at="2020-12-12T23:33:01 IST">
          <reporter-output>
          </reporter-output>
        </test-method> <!-- tearDown -->
        <test-method status="PASS" signature="launchApplicatonTest()[pri:0, instance:com.crm.qa.functionalTest.LoginLandingPageTest@3c6f6d]" name="launchApplicatonTest" is-config="true" duration-ms="10841" started-at="2020-12-12T23:33:01 IST" finished-at="2020-12-12T23:33:11 IST">
          <reporter-output>
          </reporter-output>
        </test-method> <!-- launchApplicatonTest -->
        <test-method status="PASS" signature="CRMlogoTest()[pri:2, instance:com.crm.qa.functionalTest.LoginLandingPageTest@3c6f6d]" name="CRMlogoTest" duration-ms="159" started-at="2020-12-12T23:33:11 IST" finished-at="2020-12-12T23:33:12 IST">
          <reporter-output>
          </reporter-output>
        </test-method> <!-- CRMlogoTest -->
        <test-method status="PASS" signature="tearDown()[pri:0, instance:com.crm.qa.functionalTest.LoginLandingPageTest@3c6f6d]" name="tearDown" is-config="true" duration-ms="1156" started-at="2020-12-12T23:33:12 IST" finished-at="2020-12-12T23:33:13 IST">
          <reporter-output>
          </reporter-output>
        </test-method> <!-- tearDown -->
        <test-method status="PASS" signature="launchApplicatonTest()[pri:0, instance:com.crm.qa.functionalTest.LoginLandingPageTest@3c6f6d]" name="launchApplicatonTest" is-config="true" duration-ms="10822" started-at="2020-12-12T23:33:13 IST" finished-at="2020-12-12T23:33:24 IST">
          <reporter-output>
          </reporter-output>
        </test-method> <!-- launchApplicatonTest -->
        <test-method status="PASS" signature="LandingLoginTest()[pri:3, instance:com.crm.qa.functionalTest.LoginLandingPageTest@3c6f6d]" name="LandingLoginTest" duration-ms="3502" started-at="2020-12-12T23:33:24 IST" finished-at="2020-12-12T23:33:27 IST">
          <reporter-output>
          </reporter-output>
        </test-method> <!-- LandingLoginTest -->
        <test-method status="PASS" signature="tearDown()[pri:0, instance:com.crm.qa.functionalTest.LoginLandingPageTest@3c6f6d]" name="tearDown" is-config="true" duration-ms="1201" started-at="2020-12-12T23:33:27 IST" finished-at="2020-12-12T23:33:28 IST">
          <reporter-output>
          </reporter-output>
        </test-method> <!-- tearDown -->
      </class> <!-- com.crm.qa.functionalTest.LoginLandingPageTest -->
      <class name="com.crm.qa.functionalTest.LoginPageTest">
        <test-method status="PASS" signature="launchApplicatonTest()[pri:0, instance:com.crm.qa.functionalTest.LoginPageTest@1eb8acf]" name="launchApplicatonTest" is-config="true" duration-ms="10671" started-at="2020-12-12T23:33:28 IST" finished-at="2020-12-12T23:33:39 IST">
          <reporter-output>
          </reporter-output>
        </test-method> <!-- launchApplicatonTest -->
        <test-method status="PASS" signature="LoginToCRMtest()[pri:0, instance:com.crm.qa.functionalTest.LoginPageTest@1eb8acf]" name="LoginToCRMtest" duration-ms="4779" started-at="2020-12-12T23:33:39 IST" finished-at="2020-12-12T23:33:44 IST">
          <reporter-output>
          </reporter-output>
        </test-method> <!-- LoginToCRMtest -->
        <test-method status="PASS" signature="tearDown()[pri:0, instance:com.crm.qa.functionalTest.LoginPageTest@1eb8acf]" name="tearDown" is-config="true" duration-ms="1243" started-at="2020-12-12T23:33:44 IST" finished-at="2020-12-12T23:33:45 IST">
          <reporter-output>
          </reporter-output>
        </test-method> <!-- tearDown -->
      </class> <!-- com.crm.qa.functionalTest.LoginPageTest -->
    </test> <!-- Test -->
  </suite> <!-- Suite -->
</testng-results>
